cost: 85
S: [[1, 2, 3, 4], [2], [1, 3, 4], [3], [1, 4], [1], [4]]
P: [([2], [1, 3, 4]), ([3], [1, 4]), ([1], [4])]
f[2,2]: 1.0
f[60,6]: 1.0
f[93,6]: 1.0
f[178,5]: 1.0
f[209,0]: 1.0
f[318,1]: 1.0
f[320,4]: 1.0
f[382,6]: 1.0
f[587,0]: 1.0
f[588,6]: 1.0
f[623,4]: 1.0
f[653,3]: 1.0
f[666,4]: 1.0
f[678,2]: 1.0
f[679,1]: 1.0
f[748,4]: 1.0
f[750,0]: 1.0
f[1123,3]: 1.0
f[1140,6]: 1.0
f[1239,3]: 1.0
yhat[12,0]: 1.0
yhat[126,5]: 1.0
yhat[126,6]: 1.0
yhat[362,1]: 1.0
yhat[362,2]: 1.0
yhat[484,3]: 1.0
yhat[484,4]: 1.0
ybar[126,4]: 1.0
ybar[127,5]: 1.0
ybar[163,1]: 1.0
ybar[242,3]: 1.0
ybar[362,0]: 1.0
ybar[484,2]: 1.0
ybar[498,6]: 1.0
w[126,2]: 1.0
w[362,0]: 1.0
w[484,1]: 1.0
